Arguments: 
  /home/basti/.nvm/versions/node/v10.9.0/bin/node /home/basti/.yarn/bin/yarn.js install

PATH: 
  /home/basti/.yarn/bin:/home/basti/.config/yarn/global/node_modules/.bin:/home/basti/.nvm/versions/node/v10.9.0/bin:/home/basti/.rvm/gems/ruby-2.2.3/bin:/home/basti/.rvm/gems/ruby-2.2.3@global/bin:/home/basti/.rvm/rubies/ruby-2.2.3/bin::/usr/local/sbin:/usr/local/bin:/usr/sbin:/usr/bin:/sbin:/bin:/usr/games:/usr/local/games:/home/basti/Android/Sdk/tools:/home/basti/Android/Sdk/platform-tools:/bin:/bin:/home/basti/.local/bin:/home/basti/.rvm/bin:/home/basti/.rvm/bin

Yarn version: 
  1.12.1

Node version: 
  10.9.0

Platform: 
  linux x64

Trace: 
  SyntaxError: /home/basti/daten/Entwicklung/SemanticFilemanager/nubivis-scala2/components/yo-image/package.json: Unexpected string in JSON at position 532
      at JSON.parse (<anonymous>)
      at /home/basti/.yarn/lib/cli.js:1166:59
      at Generator.next (<anonymous>)
      at step (/home/basti/.yarn/lib/cli.js:92:30)
      at /home/basti/.yarn/lib/cli.js:103:13

npm manifest: 
  {
    "description": "A image input with upload and crop",
    "name": "@polymer/yo-image",
    "version": "3.0.0",
    "resolutions": {
      "inherits": "2.0.3",
      "samsam": "1.1.3",
      "supports-color": "3.1.2",
      "type-detect": "1.0.0",
      "@webcomponents/webcomponentsjs": "2.0.0-beta.2"
    },
    "main": "yo-image.js",
    "license": "MIT",
    "dependencies": {
      "@polymer/polymer": "^3.0.0",
      "@polymer/iron-image": "^3.0.0-pre.18",
      "@polymer/paper-button": "^3.0.0-pre.18",
      "@polymer/paper-dialog": "^3.0.0-pre.18"
      "yo-file-uploader": "bastiion/yo-file-uploader#^3.0.0",
      "yo-paper-cropper": "bastiion/yo-paper-cropper#^3.0.0"
    },
    "devDependencies": {
      "@polymer/iron-demo-helpers": "^3.0.0-pre.18",
      "wct-browser-legacy": "^0.0.1-pre.11",
      "@webcomponents/webcomponentsjs": "^2.0.0"
    }
  }

yarn manifest: 
  No manifest

Lockfile: 
  No lockfile
